[07/06/2025 23:21:21] Usu·rio de ID 2 (Admin) foi adicionado como administrador.
[07/06/2025 23:21:21] A lista de usu·rios foi salva.
[07/06/2025 23:22:21] Usu·rio de ID 2 (Admin) foi adicionado como administrador.
[07/06/2025 23:22:21] A lista de usu·rios foi salva.
[07/06/2025 23:22:55] Usu·rio de login " adm " e senha " 1234 " foi autenticado.
[07/06/2025 23:23:35] Usu·rio de ID 2 (Admin) foi adicionado como administrador.
[07/06/2025 23:23:35] A lista de usu·rios foi salva.
[07/06/2025 23:23:56] Usu·rio de login " adm " e senha " 1234 " foi autenticado.
[07/06/2025 23:24:31] Usu·rio de ID 3 (Jo∆o) foi adicionado como funcionario.
[07/06/2025 23:24:31] A lista de usu·rios foi salva.
[07/06/2025 23:25:07] Usu·rio de ID 4 (Admin) foi adicionado como administrador.
[07/06/2025 23:25:07] A lista de usu·rios foi salva.
[07/06/2025 23:25:28] Usu·rio de login " Jo∆oM " e senha " joao1234 " foi autenticado.
[07/06/2025 23:26:14] Usu·rio de ID 5 (Admin) foi adicionado como administrador.
[07/06/2025 23:26:14] A lista de usu·rios foi salva.
[07/06/2025 23:27:16] Usu·rio de ID 2 (Admin) foi adicionado como administrador.
[07/06/2025 23:27:16] A lista de usu·rios foi salva.
[07/06/2025 23:27:21] Usu·rio de login " adm " e senha " 1234 " foi autenticado.
[07/06/2025 23:29:06] Usu·rio de ID 2 (Admin) foi adicionado como administrador.
[07/06/2025 23:29:06] A lista de usu·rios foi salva.
[07/06/2025 23:29:12] Usu·rio de login " adm " e senha " 1234 " foi autenticado.
[07/06/2025 23:30:25] Usu·rio de ID 2 (Admin) foi adicionado como administrador.
[07/06/2025 23:30:25] A lista de usu·rios foi salva.
[07/06/2025 23:31:19] Usu·rio de ID 2 (Admin) foi adicionado como administrador.
[07/06/2025 23:31:19] A lista de usu·rios foi salva.
[07/06/2025 23:33:59] Usu·rio de ID 2 (Admin) foi adicionado como administrador.
[07/06/2025 23:33:59] A lista de usu·rios foi salva.
[08/06/2025 00:05:48] Usu·rio de ID 2 (Admin) foi adicionado como administrador.
[08/06/2025 00:05:48] A lista de usu·rios foi salva.
[08/06/2025 00:06:52] Usu·rio de ID 3 (Admin) foi adicionado como administrador.
[08/06/2025 00:06:52] A lista de usu·rios foi salva.
[08/06/2025 00:07:20] Usu·rio de ID 4 (Admin) foi adicionado como administrador.
[08/06/2025 00:07:20] A lista de usu·rios foi salva.
[08/06/2025 00:13:46] Usu·rio de ID 5 (Admin) foi adicionado como administrador.
[08/06/2025 00:13:46] A lista de usu·rios foi salva.
[08/06/2025 00:13:53] Usu·rio de login " adm " e senha " 1234 " foi autenticado.
[08/06/2025 00:14:18] Usu·rio de ID 6 (Jo∆o) foi adicionado como funcionario.
[08/06/2025 00:14:18] A lista de usu·rios foi salva.
[08/06/2025 00:15:53] Usu·rio de ID 7 (Admin) foi adicionado como administrador.
[08/06/2025 00:15:53] A lista de usu·rios foi salva.
[08/06/2025 00:15:59] Usu·rio de login " jm " e senha " jm1234 " foi autenticado.
[08/06/2025 00:16:03] Usu·rio de ID 8 (Admin) foi adicionado como administrador.
[08/06/2025 00:16:03] A lista de usu·rios foi salva.
[08/06/2025 00:45:35] Usu·rio de ID 9 (Admin) foi adicionado como administrador.
[08/06/2025 00:45:35] A lista de usu·rios foi salva.
[08/06/2025 00:45:41] Usu·rio de login " adm " e senha " 1234 " foi autenticado.
[08/06/2025 00:47:55] Usu·rio de ID 10 (Admin) foi adicionado como administrador.
[08/06/2025 00:47:55] A lista de usu·rios foi salva.
[08/06/2025 00:47:59] Usu·rio de login " adm " e senha " 1234 " foi autenticado.
[08/06/2025 00:52:06] Usu·rio de ID 11 (Admin) foi adicionado como administrador.
[08/06/2025 00:52:06] A lista de usu·rios foi salva.
[08/06/2025 00:52:13] Usu·rio de login " adm " e senha " 1234 " foi autenticado.
[08/06/2025 00:53:12] Usu·rio de ID 12 (Admin) foi adicionado como administrador.
[08/06/2025 00:53:12] A lista de usu·rios foi salva.
[08/06/2025 00:53:16] Usu·rio de login " adm " e senha " 1234 " foi autenticado.
[08/06/2025 00:54:56] Usu·rio de ID 13 (Admin) foi adicionado como administrador.
[08/06/2025 00:54:56] A lista de usu·rios foi salva.
[08/06/2025 00:55:01] Usu·rio de login " adm " e senha " 1234 " foi autenticado.
[08/06/2025 00:57:09] Usu·rio de ID 14 (Admin) foi adicionado como administrador.
[08/06/2025 00:57:09] A lista de usu·rios foi salva.
[08/06/2025 00:57:13] Usu·rio de login " adm " e senha " 1234 " foi autenticado.
[08/06/2025 01:03:19] Usu·rio de ID 15 (Admin) foi adicionado como administrador.
[08/06/2025 01:03:19] A lista de usu·rios foi salva.
[08/06/2025 01:03:23] Usu·rio de login " adm " e senha " 1234 " foi autenticado.
